Discord 0.0.22
Starting app.
Starting updater.
[Modules] Modules initializing
[Modules] Distribution: remote
[Modules] Host updates: enabled
[Modules] Module updates: enabled
[Modules] Module install path: /home/pujan/.config/discord/0.0.22/modules
[Modules] Module installed file path: /home/pujan/.config/discord/0.0.22/modules/installed.json
[Modules] Module download path: /home/pujan/.config/discord/0.0.22/modules/pending
[Modules] No updates to install
[Modules] Checking for host updates.
[Modules] Host is up to date.
[Modules] Checking for module updates at https://discord.com/api/modules/stable/versions.json
[Modules] No module updates available.
Optional module ./ElectronTestRpc was not included.
WEIGHT /home/pujan/.config/discord/0.0.22/modules/discord_krisp/NC_small_8k.thw
WEIGHT /home/pujan/.config/discord/0.0.22/modules/discord_krisp/NC_small_16k.thw
WEIGHT /home/pujan/.config/discord/0.0.22/modules/discord_krisp/c6.s.f.27f1a3.thw
WEIGHT /home/pujan/.config/discord/0.0.22/modules/discord_krisp/VAD_weight.thw
[Modules] Checking for host updates.
[Modules] Host is up to date.
[Modules] Checking for module updates at https://discord.com/api/modules/stable/versions.json
[Modules] No module updates available.
[Modules] Checking for host updates.
[Modules] Host is up to date.
[Modules] Checking for module updates at https://discord.com/api/modules/stable/versions.json
[Modules] No module updates available.
[Modules] Checking for host updates.
[Modules] Host is up to date.
[Modules] Checking for module updates at https://discord.com/api/modules/stable/versions.json
[Modules] No module updates available.
X connection to :0 broken (explicit kill or server shutdown).
Discord 0.0.24
Starting app.
Starting updater.
[Modules] Modules initializing
[Modules] Distribution: remote
[Modules] Host updates: enabled
[Modules] Module updates: enabled
[Modules] Module install path: /home/pujan/.config/discord/0.0.24/modules
[Modules] Module installed file path: /home/pujan/.config/discord/0.0.24/modules/installed.json
[Modules] Module download path: /home/pujan/.config/discord/0.0.24/modules/pending
[Modules] No updates to install
[Modules] Checking for host updates.
[Modules] Host is up to date.
[Modules] Checking for module updates at https://discord.com/api/modules/stable/versions.json
[Modules] No module updates available.
Optional module ./ElectronTestRpc was not included.
WEIGHT /home/pujan/.config/discord/0.0.24/modules/discord_krisp/NC_small_8k.thw
WEIGHT /home/pujan/.config/discord/0.0.24/modules/discord_krisp/NC_small_16k.thw
WEIGHT /home/pujan/.config/discord/0.0.24/modules/discord_krisp/c6.s.f.27f1a3.thw
WEIGHT /home/pujan/.config/discord/0.0.24/modules/discord_krisp/VAD_weight.thw
[Modules] Checking for host updates.
[Modules] Host is up to date.
[Modules] Checking for module updates at https://discord.com/api/modules/stable/versions.json
[Modules] No module updates available.
X connection to :0 broken (explicit kill or server shutdown).
2023-02-05 13:01:09 Loading updated app package /home/pujan/.config/obsidian/obsidian-1.1.9.asar
2023-02-05 13:01:10 Checking for update using Github
2023-02-05 13:01:11 Success.
2023-02-05 13:01:11 Latest version is 1.1.9
2023-02-05 13:01:11 App is up to date.
2023-02-05 14:01:09 Checking for update using Github
2023-02-05 14:01:11 Success.
2023-02-05 14:01:11 Latest version is 1.1.9
2023-02-05 14:01:11 App is up to date.
[45258:0205/204139.485865:ERROR:network_service_instance_impl.cc(978)] Network service crashed, restarting service.
[45258:0205/204139.494947:ERROR:zygote_communication_linux.cc(276)] Failed to send GetTerminationStatus message to zygote
[45258:0205/204139.496792:ERROR:gpu_process_host.cc(969)] GPU process launch failed: error_code=1002
[45258:0205/204139.497838:ERROR:gpu_process_host.cc(969)] GPU process launch failed: error_code=1002
[45258:0205/204139.498645:ERROR:gpu_process_host.cc(969)] GPU process launch failed: error_code=1002
[45258:0205/204139.532739:ERROR:gpu_process_host.cc(969)] GPU process launch failed: error_code=1002
[45258:0205/204139.534229:ERROR:gpu_process_host.cc(969)] GPU process launch failed: error_code=1002
[45258:0205/204139.535103:ERROR:gpu_process_host.cc(969)] GPU process launch failed: error_code=1002
[45258:0205/204139.536338:ERROR:gpu_process_host.cc(969)] GPU process launch failed: error_code=1002
[45258:0205/204139.536991:ERROR:gpu_process_host.cc(969)] GPU process launch failed: error_code=1002
[45258:0205/204139.537778:ERROR:gpu_process_host.cc(969)] GPU process launch failed: error_code=1002
[45258:0205/204139.537818:FATAL:gpu_data_manager_impl_private.cc(447)] GPU process isn't usable. Goodbye.
